2023.05.12 03:36:53 INFO  Started: Metals version 0.11.12 in workspace 'C:\Users\frank\OneDrive\Documents\Progress Journal\2023\2023 Automation\hello-world-scala' for client Visual Studio Code 1.78.2.
May 12, 2023 3:36:54 AM org.flywaydb.core.internal.license.VersionPrinter printVersionOnly
INFO: Flyway Community Edition 9.16.3 by Redgate
May 12, 2023 3:36:54 AM org.flywaydb.core.internal.license.VersionPrinter printVersion
INFO: See release notes here: https://rd.gt/416ObMi
May 12, 2023 3:36:54 AM org.flywaydb.core.internal.license.VersionPrinter printVersion
INFO: 
May 12, 2023 3:36:54 AM org.flywaydb.core.internal.database.base.BaseDatabaseType createDatabase
INFO: Database: jdbc:h2:file:C:\Users\frank\OneDrive\Documents\Progress Journal\2023\2023 Automation\hello-world-scala\.metals\metals (H2 2.1)
May 12, 2023 3:36:54 AM org.flywaydb.core.internal.schemahistory.JdbcTableSchemaHistory allAppliedMigrations
INFO: Schema history table "PUBLIC"."flyway_schema_history" does not exist yet
May 12, 2023 3:36:54 AM org.flywaydb.core.internal.command.DbValidate validate
INFO: Successfully validated 4 migrations (execution time 00:00.011s)
May 12, 2023 3:36:54 AM org.flywaydb.core.internal.schemahistory.JdbcTableSchemaHistory create
INFO: Creating Schema History table "PUBLIC"."flyway_schema_history" ...
May 12, 2023 3:36:54 AM org.flywaydb.core.internal.command.DbMigrate migrateGroup
INFO: Current version of schema "PUBLIC": << Empty Schema >>
May 12, 2023 3:36:54 AM org.flywaydb.core.internal.command.DbMigrate doMigrateGroup
INFO: Migrating schema "PUBLIC" to version "1 - Create tables"
May 12, 2023 3:36:54 AM org.flywaydb.core.internal.command.DbMigrate doMigrateGroup
INFO: Migrating schema "PUBLIC" to version "2 - Server discovery"
May 12, 2023 3:36:54 AM org.flywaydb.core.internal.command.DbMigrate doMigrateGroup
INFO: Migrating schema "PUBLIC" to version "3 - Jar symbols"
May 12, 2023 3:36:54 AM org.flywaydb.core.internal.command.DbMigrate doMigrateGroup
INFO: Migrating schema "PUBLIC" to version "4 - Fingerprints"
May 12, 2023 3:36:54 AM org.flywaydb.core.internal.command.DbMigrate logSummary
INFO: Successfully applied 4 migrations to schema "PUBLIC", now at version v4 (execution time 00:00.039s)
2023.05.12 03:36:54 INFO  time: initialize in 0.47s
2023.05.12 03:36:54 WARN  Build server is not auto-connectable.
2023.05.12 03:36:58 INFO  running 'C:\Program Files (x86)\Java\jre1.8.0_361\bin\java -Djline.terminal=jline.UnsupportedTerminal -Dsbt.log.noformat=true -Dfile.encoding=UTF-8 -jar C:\Users\frank\AppData\Local\Temp\metals5471364686391200422\sbt-launch.jar -Dbloop.export-jar-classifiers=sources bloopInstall'
2023.05.12 03:36:58 ERROR [info] [launcher] getting org.scala-sbt sbt 1.8.2  (this may take some time)...
2023.05.12 03:37:04 INFO  [info] welcome to sbt 1.8.2 (Oracle Corporation Java 1.8.0_361)
2023.05.12 03:37:06 INFO  [info] loading settings for project hello-world-scala-build-build from metals.sbt ...
2023.05.12 03:37:06 INFO  [info] loading project definition from C:\Users\frank\OneDrive\Documents\Progress Journal\2023\2023 Automation\hello-world-scala\project\project
2023.05.12 03:37:11 INFO  [info] loading settings for project hello-world-scala-build from metals.sbt ...
2023.05.12 03:37:11 INFO  [info] loading project definition from C:\Users\frank\OneDrive\Documents\Progress Journal\2023\2023 Automation\hello-world-scala\project
2023.05.12 03:37:15 INFO  [success] Generated .bloop\hello-world-scala-build.json
2023.05.12 03:37:15 INFO  [success] Total time: 4 s, completed May 12, 2023 3:37:15 AM
2023.05.12 03:37:16 INFO  [info] loading settings for project hello-world-scala from build.sbt ...
2023.05.12 03:37:16 INFO  [info] set current project to hello-world (in build file:/C:/Users/frank/OneDrive/Documents/Progress%20Journal/2023/2023%20Automation/hello-world-scala/)
2023.05.12 03:37:19 INFO  [success] Generated .bloop\hello-world-scala.json
2023.05.12 03:37:19 INFO  [success] Generated .bloop\hello-world-scala-test.json
2023.05.12 03:37:19 INFO  [success] Total time: 3 s, completed May 12, 2023 3:37:19 AM
2023.05.12 03:37:19 INFO  time: ran 'sbt bloopInstall' in 20s
2023.05.12 03:37:19 INFO  Attempting to connect to the build server...
2023.05.12 03:37:19 INFO  Setting up current java home C:\Program Files (x86)\Java\jre1.8.0_361 in C:\Users\frank\.bloop\bloop.json
2023.05.12 03:37:31 INFO  tracing is disabled for protocol BSP, to enable tracing of incoming and outgoing JSON messages create an empty file at C:\Users\frank\OneDrive\Documents\Progress Journal\2023\2023 Automation\hello-world-scala\.metals\bsp.trace.json or C:\Users\frank\AppData\Local\scalameta\metals\cache\bsp.trace.json
2023.05.12 03:37:33 ERROR 
2023.05.12 03:37:33 ERROR Invalid path: src/main/g8/$name;format="space,hyphen,lower"$
2023.05.12 03:37:33 ERROR 
2023.05.12 03:37:33 INFO  time: ran 'giter8.Giter8' in 1.97s
2023.05.12 03:37:36 INFO  Attempting to connect to the build server...
2023.05.12 03:37:36 INFO  Bloop uses C:\Program Files (x86)\Java\jre1.8.0_361 defined at C:\Users\frank\.bloop\bloop.json
2023.05.12 03:37:36 INFO  tracing is disabled for protocol BSP, to enable tracing of incoming and outgoing JSON messages create an empty file at C:\Users\frank\OneDrive\Documents\Progress Journal\2023\2023 Automation\hello-world-scala\project\.metals\bsp.trace.json or C:\Users\frank\AppData\Local\scalameta\metals\cache\bsp.trace.json
2023.05.12 03:37:38 INFO  time: Connected to build server in 18s
2023.05.12 03:37:38 INFO  Connected to Build server: Bloop v1.5.6
2023.05.12 03:37:41 WARN  Could not find java sources in C:\Program Files (x86)\Java\src.zip, C:\Program Files (x86)\Java\lib\src.zip, C:\Program Files (x86)\Java\jre1.8.0_361\src.zip, C:\Program Files (x86)\Java\jre1.8.0_361\lib\src.zip. Java symbols will not be available.
2023.05.12 03:37:44 WARN  Could not find java sources in C:\Program Files (x86)\Java\src.zip, C:\Program Files (x86)\Java\lib\src.zip, C:\Program Files (x86)\Java\jre1.8.0_361\src.zip, C:\Program Files (x86)\Java\jre1.8.0_361\lib\src.zip. Java symbols will not be available.
2023.05.12 03:37:44 WARN  Could not find java sources in C:\Program Files (x86)\Java\src.zip, C:\Program Files (x86)\Java\lib\src.zip, C:\Program Files (x86)\Java\jre1.8.0_361\src.zip, C:\Program Files (x86)\Java\jre1.8.0_361\lib\src.zip. Java symbols will not be available.
2023.05.12 03:37:44 INFO  time: indexed workspace in 6.31s
